<?xml version="1.0" encoding="UTF-8"?>
<!-- Generated by org.testng.reporters.JUnitReportReporter -->
<testsuite hostname="DESKTOP-6QB5I7N" failures="0" tests="1" name="com.demo.utils.TestRunner" time="0.136" errors="1" timestamp="2025-08-10T19:11:15 BST" skipped="0">
  <testcase classname="com.demo.utils.TestRunner" name="runScenario" time="0.136">
    <error message="Cannot invoke &quot;java.util.Properties.getProperty(String)&quot; because &quot;com.demo.steps.LoginSteps.config&quot; is null" type="java.lang.NullPointerException">
      <![CDATA[java.lang.NullPointerException: Cannot invoke "java.util.Properties.getProperty(String)" because "com.demo.steps.LoginSteps.config" is null
at com.demo.steps.LoginSteps.i_am_on_the_login_page(LoginSteps.java:17)
at ✽.I am on the login page(file:///C:/Users/Dell/eclipse-workspace/Allure_Extent_ReportDemo/src/test/resources/features/loginTest.feature:5)
]]>
    </error>
  </testcase> <!-- runScenario -->
</testsuite> <!-- com.demo.utils.TestRunner -->
