<?xml version="1.0" encoding="UTF-8"?>
<testng-results ignored="0" total="3" passed="3" failed="0" skipped="0">
  <reporter-output>
  </reporter-output>
  <suite started-at="2025-08-10T23:00:27 BST" name="SmokeTesting" finished-at="2025-08-10T23:00:31 BST" duration-ms="4157">
    <groups>
    </groups>
    <test started-at="2025-08-10T23:00:27 BST" name="Test" finished-at="2025-08-10T23:00:31 BST" duration-ms="4157">
      <class name="com.demo.extent.testngExtentReport">
        <test-method is-config="true" signature="setup()[pri:0, instance:com.demo.extent.testngExtentReport@68878f6d]" started-at="2025-08-10T23:00:27 BST" name="setup" finished-at="2025-08-10T23:00:31 BST" duration-ms="3503" status="PASS">
          <reporter-output>
          </reporter-output>
        </test-method> <!-- setup -->
        <test-method signature="testLogo()[pri:1, instance:com.demo.extent.testngExtentReport@68878f6d]" started-at="2025-08-10T23:00:31 BST" name="testLogo" finished-at="2025-08-10T23:00:31 BST" duration-ms="112" status="PASS">
          <reporter-output>
          </reporter-output>
        </test-method> <!-- testLogo -->
        <test-method signature="testAppURL()[pri:2, instance:com.demo.extent.testngExtentReport@68878f6d]" started-at="2025-08-10T23:00:31 BST" name="testAppURL" finished-at="2025-08-10T23:00:31 BST" duration-ms="13" status="PASS">
          <reporter-output>
          </reporter-output>
        </test-method> <!-- testAppURL -->
        <test-method signature="testHomePageTitle()[pri:3, instance:com.demo.extent.testngExtentReport@68878f6d]" started-at="2025-08-10T23:00:31 BST" name="testHomePageTitle" finished-at="2025-08-10T23:00:31 BST" depends-on-methods="com.demo.extent.testngExtentReport.testAppURL" duration-ms="42" status="PASS">
          <reporter-output>
          </reporter-output>
        </test-method> <!-- testHomePageTitle -->
        <test-method is-config="true" signature="tearDown()[pri:0, instance:com.demo.extent.testngExtentReport@68878f6d]" started-at="2025-08-10T23:00:31 BST" name="tearDown" finished-at="2025-08-10T23:00:31 BST" duration-ms="174" status="PASS">
          <reporter-output>
          </reporter-output>
        </test-method> <!-- tearDown -->
      </class> <!-- com.demo.extent.testngExtentReport -->
    </test> <!-- Test -->
  </suite> <!-- SmokeTesting -->
</testng-results>
