<?xml version="1.0" encoding="UTF-8"?>
<!-- Generated by org.testng.reporters.JUnitXMLReporter -->
<testsuite ignored="0" hostname="DESKTOP-6QB5I7N" failures="1" tests="1" name="Default test" time="0.779" errors="0" timestamp="2025-08-10T19:11:15 BST">
  <testcase classname="io.cucumber.testng.AbstractTestNGCucumberTests" name="runScenario" time="0.136">
    <failure type="java.lang.NullPointerException" message="Cannot invoke &amp;quot;java.util.Properties.getProperty(String)&amp;quot; because &amp;quot;com.demo.steps.LoginSteps.config&amp;quot; is null">
      <![CDATA[java.lang.NullPointerException: Cannot invoke "java.util.Properties.getProperty(String)" because "com.demo.steps.LoginSteps.config" is null
at com.demo.steps.LoginSteps.i_am_on_the_login_page(LoginSteps.java:17)
at ✽.I am on the login page(file:///C:/Users/Dell/eclipse-workspace/Allure_Extent_ReportDemo/src/test/resources/features/loginTest.feature:5)
]]>
    </failure>
  </testcase> <!-- runScenario -->
</testsuite> <!-- Default test -->
