<?xml version="1.0" encoding="UTF-8"?>
<!-- Generated by org.testng.reporters.JUnitXMLReporter -->
<testsuite ignored="0" hostname="DESKTOP-6QB5I7N" failures="0" tests="3" name="Test" time="4.157" errors="0" timestamp="2025-08-10T23:00:32 BST">
  <testcase classname="com.demo.extent.testngExtentReport" name="testLogo" time="0.112"/>
  <testcase classname="com.demo.extent.testngExtentReport" name="testAppURL" time="0.013"/>
  <testcase classname="com.demo.extent.testngExtentReport" name="testHomePageTitle" time="0.042"/>
</testsuite> <!-- Test -->
